<?xml version="1.0" encoding="UTF-8"?>
<!-- Generated by org.testng.reporters.JUnitReportReporter -->
<testsuite hostname="DESKTOP-H4A8A1U" name="test.MessreiheTest" tests="5" failures="0" timestamp="20 Jun 2018 11:07:31 GMT" time="0.012" errors="0">
  <testcase name="Mkl0_Zkl15_V_M" time="0.001" classname="test.MessreiheTest"/>
  <testcase name="Mgrgl0_Zgrgl15_Vstrings_Mfalsch" time="0.001" classname="test.MessreiheTest"/>
  <testcase name="Mgrgl0_Zgrgl15_V_M" time="0.009" classname="test.MessreiheTest"/>
  <testcase name="Mgrgl0_Zkl15_V_M" time="0.000" classname="test.MessreiheTest"/>
  <testcase name="Mkl0_Zgrgl15_V_M" time="0.001" classname="test.MessreiheTest"/>
</testsuite> <!-- test.MessreiheTest -->
